        -:    0:Source:TicTacToeBoardTest.cpp
        -:    0:Programs:2
        -:    1:/**
        -:    2: * Unit Tests for TicTacToeBoard
        -:    3:**/
        -:    4:
        -:    5:#include <gtest/gtest.h>
        -:    6:#include "TicTacToeBoard.h"
        -:    7: 
        -:    8:class TicTacToeBoardTest : public ::testing::Test
        -:    9:{
        -:   10:	protected:
        -:   11:		TicTacToeBoardTest(){} //constructor runs before each test
        -:   12:		virtual ~TicTacToeBoardTest(){} //destructor cleans up after tests
        -:   13:		virtual void SetUp(){} //sets up before each test (after constructor)
        -:   14:		virtual void TearDown(){} //clean up after each test, (before destructor) 
        -:   15:};
        -:   16:
function _ZN36TicTacToeBoardTest_unitTestName_TestC2Ev called 1 returned 100% blocks executed 100%
function _ZN36TicTacToeBoardTest_unitTestName_TestD0Ev called 1 returned 100% blocks executed 100%
function _ZN36TicTacToeBoardTest_unitTestName_TestD2Ev called 1 returned 100% blocks executed 75%
function _ZN36TicTacToeBoardTest_unitTestName_Test8TestBodyEv called 1 returned 100% blocks executed 39%
        5:   17:TEST(TicTacToeBoardTest, unitTestName)
call    0 returned 1
call    1 returned 1
call    2 returned 1
call    3 returned 1
call    4 returned 1
call    5 returned 1
call    6 returned 1
call    7 returned 1
branch  8 taken 1 (fallthrough)
branch  9 taken 0 (throw)
call   10 returned 1
branch 11 taken 1 (fallthrough)
branch 12 taken 0 (throw)
call   13 returned 1
branch 14 taken 1 (fallthrough)
branch 15 taken 0 (throw)
call   16 returned 1
call   17 returned 1
call   18 returned 1
call   19 never executed
call   20 never executed
call   21 never executed
call   22 returned 1
call   23 returned 1
call   24 returned 1
branch 25 taken 0 (fallthrough)
branch 26 taken 1
call   27 never executed
        -:   18:{
        1:   19:	TicTacToeBoard testBoard; 
call    0 returned 1
branch  1 taken 1 (fallthrough)
branch  2 taken 0 (throw)
        1:   20:	ASSERT_FALSE(X == testBoard.toggleTurn()); 
call    0 returned 1
branch  1 taken 1 (fallthrough)
branch  2 taken 0 (throw)
call    3 returned 1
call    4 returned 1
branch  5 taken 0 (fallthrough)
branch  6 taken 1
call    7 never executed
branch  8 never executed
branch  9 never executed
call   10 never executed
branch 11 never executed
branch 12 never executed
call   13 never executed
call   14 never executed
branch 15 never executed
branch 16 never executed
call   17 never executed
branch 18 never executed
branch 19 never executed
call   20 never executed
call   21 never executed
call   22 never executed
call   23 returned 1
branch 24 taken 1
branch 25 taken 0
call   26 never executed
call   27 never executed
call   28 never executed
call   29 never executed
function _GLOBAL__sub_I__ZN36TicTacToeBoardTest_unitTestName_Test10test_info_E called 1 returned 100% blocks executed 100%
function _Z41__static_initialization_and_destruction_0ii called 1 returned 100% blocks executed 79%
        3:   21:}
call    0 returned 1
branch  1 taken 1 (fallthrough)
branch  2 taken 0
branch  3 taken 1 (fallthrough)
branch  4 taken 0
        -:   22:
        -:   23:/* EXAMPLE TEST FORMAT
        -:   24:TEST(TicTacToeBoardTest, unitTestName)
        -:   25:{
        -:   26:	ASSERT_TRUE(true);
        -:   27:}
        -:   28:*/
